2009-10-24 21:03:08 Warning: Warning (4096): Object of class JavascriptHelper could not be converted to string in [APP/views/layouts/default.ctp, line 21]
2009-10-24 21:03:08 Warning: Warning (4096): Object of class HtmlHelper could not be converted to string in [APP/views/layouts/default.ctp, line 21]
2009-10-24 21:03:08 Warning: Warning (4096): Object of class FormHelper could not be converted to string in [APP/views/layouts/default.ctp, line 21]
2009-10-24 21:03:08 Warning: Warning (4096): Object of class SessionHelper could not be converted to string in [APP/views/layouts/default.ctp, line 21]
2009-10-24 21:03:08 Warning: Warning (4096): Object of class HtmlHelper could not be converted to string in [APP/views/layouts/default.ctp, line 21]
2009-10-24 21:03:08 Warning: Warning (4096): Object of class FormHelper could not be converted to string in [APP/views/layouts/default.ctp, line 21]
2009-10-24 21:03:08 Warning: Warning (4096): Object of class SessionHelper could not be converted to string in [APP/views/layouts/default.ctp, line 21]
2009-10-24 21:03:47 Warning: Warning (4096): Object of class JavascriptHelper could not be converted to string in [APP/views/layouts/default.ctp, line 21]
2009-10-24 21:03:47 Warning: Warning (4096): Object of class HtmlHelper could not be converted to string in [APP/views/layouts/default.ctp, line 21]
2009-10-24 21:03:47 Warning: Warning (4096): Object of class FormHelper could not be converted to string in [APP/views/layouts/default.ctp, line 21]
2009-10-24 21:03:47 Warning: Warning (4096): Object of class SessionHelper could not be converted to string in [APP/views/layouts/default.ctp, line 21]
2009-10-24 21:03:48 Warning: Warning (4096): Object of class HtmlHelper could not be converted to string in [APP/views/layouts/default.ctp, line 21]
2009-10-24 21:03:48 Warning: Warning (4096): Object of class FormHelper could not be converted to string in [APP/views/layouts/default.ctp, line 21]
2009-10-24 21:03:48 Warning: Warning (4096): Object of class SessionHelper could not be converted to string in [APP/views/layouts/default.ctp, line 21]
2009-10-30 22:53:30 Warning: Warning (2): Cannot modify header information - headers already sent by (output started at /home/myshen/src/project_c/app/app_controller.php:22) in [CORE/cake/libs/controller/controller.php, line 644]
2009-10-30 22:54:25 Warning: Warning (2): Cannot modify header information - headers already sent by (output started at /home/myshen/src/project_c/app/app_controller.php:22) in [CORE/cake/libs/controller/controller.php, line 644]
2009-10-31 17:47:50 Warning: Warning (2): Cannot modify header information - headers already sent by (output started at /home/myshen/src/project_c/app/app_controller.php:23) in [CORE/cake/libs/controller/controller.php, line 644]
2009-10-31 17:48:23 Warning: Warning (2): Cannot modify header information - headers already sent by (output started at /home/myshen/src/project_c/app/app_controller.php:23) in [CORE/cake/libs/controller/controller.php, line 644]
2009-10-31 20:05:11 Warning: Warning (2): Cannot modify header information - headers already sent by (output started at /home/myshen/src/project_c/app/app_controller.php:34) in [CORE/cake/libs/controller/controller.php, line 644]
2009-10-31 20:13:23 Warning: Warning (512): <span style = "color:Red;text-align:left"><b>SQL Error:</b> 1048: Column 'email' cannot be null</span> in [CORE/cake/libs/model/datasources/dbo_source.php, line 525]
2009-10-31 20:13:23 Warning: Warning (2): Missing argument 2 for Controller::flash(), called in /home/myshen/src/project_c/app/controllers/users_controller.php on line 29 and defined in [CORE/cake/libs/controller/controller.php, line 862]
2009-10-31 20:17:03 Warning: Warning (2): Missing argument 2 for Controller::flash(), called in /home/myshen/src/project_c/app/controllers/users_controller.php on line 27 and defined in [CORE/cake/libs/controller/controller.php, line 862]
2009-10-31 20:35:45 Warning: Warning (512): <span style = "color:Red;text-align:left"><b>SQL Error:</b> 1064: You have an error in your SQL syntax; check the manual that corresponds to your MySQL server version for the right syntax to use near 'get' at line 1</span> in [CORE/cake/libs/model/datasources/dbo_source.php, line 525]
2009-10-31 20:53:15 Warning: Warning (2): Cannot modify header information - headers already sent by (output started at /home/myshen/src/project_c/app/app_controller.php:36) in [CORE/cake/libs/controller/controller.php, line 644]
2009-10-31 20:55:46 Warning: Warning (2): Cannot modify header information - headers already sent by (output started at /home/myshen/src/project_c/app/app_controller.php:36) in [CORE/cake/libs/controller/controller.php, line 644]
2009-10-31 20:58:49 Warning: Warning (4096): Object of class SessionHelper could not be converted to string in [APP/views/layouts/default.ctp, line 46]
2009-11-01 00:55:50 Warning: Warning (2): Invalid argument supplied for foreach() in [APP/views/users/profile.ctp, line 5]
2009-11-01 00:57:59 Warning: Warning (2): Invalid argument supplied for foreach() in [APP/views/users/profile.ctp, line 5]
2009-11-01 00:58:19 Warning: Warning (2): Invalid argument supplied for foreach() in [APP/views/users/profile.ctp, line 5]
2009-11-01 11:48:37 Warning: Warning (2): Cannot modify header information - headers already sent by (output started at /home/myshen/src/project_c/cake/basics.php:109) in [CORE/cake/libs/view/media.php, line 117]
2009-11-01 11:48:37 Warning: Warning (2): Cannot modify header information - headers already sent by (output started at /home/myshen/src/project_c/cake/basics.php:109) in [CORE/cake/libs/error.php, line 150]
2009-11-01 11:49:47 Warning: Warning (2): Cannot modify header information - headers already sent by (output started at /home/myshen/src/project_c/app/models/picture.php:27) in [CORE/cake/libs/view/media.php, line 117]
2009-11-01 11:49:47 Warning: Warning (2): Cannot modify header information - headers already sent by (output started at /home/myshen/src/project_c/app/models/picture.php:27) in [CORE/cake/libs/error.php, line 150]
2009-11-01 11:51:25 Warning: Warning (2): Cannot modify header information - headers already sent by (output started at /home/myshen/src/project_c/app/models/picture.php:27) in [CORE/cake/libs/view/media.php, line 117]
2009-11-01 11:51:25 Warning: Warning (2): Cannot modify header information - headers already sent by (output started at /home/myshen/src/project_c/app/models/picture.php:27) in [CORE/cake/libs/error.php, line 150]
2009-11-01 11:53:52 Warning: Warning (2): Cannot modify header information - headers already sent by (output started at /home/myshen/src/project_c/app/models/picture.php:27) in [CORE/cake/libs/view/media.php, line 117]
2009-11-01 11:53:52 Warning: Warning (2): Cannot modify header information - headers already sent by (output started at /home/myshen/src/project_c/app/models/picture.php:27) in [CORE/cake/libs/error.php, line 150]
2009-11-01 11:54:25 Warning: Warning (2): Cannot modify header information - headers already sent by (output started at /home/myshen/src/project_c/app/models/picture.php:27) in [CORE/cake/libs/view/media.php, line 117]
2009-11-01 11:54:25 Warning: Warning (2): Cannot modify header information - headers already sent by (output started at /home/myshen/src/project_c/app/models/picture.php:27) in [CORE/cake/libs/error.php, line 150]
2009-11-01 11:55:38 Warning: Warning (2): Cannot modify header information - headers already sent by (output started at /home/myshen/src/project_c/app/models/picture.php:27) in [CORE/cake/libs/view/media.php, line 117]
2009-11-01 11:55:38 Warning: Warning (2): Cannot modify header information - headers already sent by (output started at /home/myshen/src/project_c/app/models/picture.php:27) in [CORE/cake/libs/error.php, line 150]
2009-11-01 11:57:29 Warning: Warning (2): Missing argument 2 for Controller::flash(), called in /home/myshen/src/project_c/app/controllers/pictures_controller.php on line 25 and defined in [CORE/cake/libs/controller/controller.php, line 862]
2009-11-01 11:57:55 Warning: Warning (2): Missing argument 2 for Controller::flash(), called in /home/myshen/src/project_c/app/controllers/pictures_controller.php on line 25 and defined in [CORE/cake/libs/controller/controller.php, line 862]
2009-11-01 12:04:51 Warning: Warning (2): Missing argument 1 for PicturesController::view(), called in /home/myshen/src/project_c/cake/libs/object.php on line 116 and defined in [APP/controllers/pictures_controller.php, line 12]
2009-11-01 12:04:51 Warning: Warning (2): Cannot modify header information - headers already sent by (output started at /home/myshen/src/project_c/cake/basics.php:109) in [CORE/cake/libs/view/media.php, line 245]
2009-11-01 12:05:57 Warning: Warning (2): Cannot modify header information - headers already sent by (output started at /home/myshen/src/project_c/cake/basics.php:109) in [CORE/cake/libs/view/media.php, line 245]
2009-11-01 12:06:16 Warning: Warning (2): Missing argument 1 for PicturesController::view(), called in /home/myshen/src/project_c/cake/libs/object.php on line 116 and defined in [APP/controllers/pictures_controller.php, line 12]
2009-11-01 12:06:16 Warning: Warning (2): Cannot modify header information - headers already sent by (output started at /home/myshen/src/project_c/cake/basics.php:109) in [CORE/cake/libs/view/media.php, line 245]
2009-11-01 12:13:18 Warning: Warning (2): Cannot modify header information - headers already sent by (output started at /home/myshen/src/project_c/cake/basics.php:109) in [CORE/cake/libs/view/media.php, line 245]
2009-11-01 12:19:06 Warning: Warning (2): mkdir() [<a href='http://php.net/function.mkdir'>function.mkdir</a>]: No such file or directory in [APP/controllers/pictures_controller.php, line 11]
2009-11-01 12:19:06 Warning: Warning (2): Invalid argument supplied for foreach() in [APP/controllers/pictures_controller.php, line 18]
2009-11-01 12:19:30 Warning: Warning (2): mkdir() [<a href='http://php.net/function.mkdir'>function.mkdir</a>]: No such file or directory in [APP/controllers/pictures_controller.php, line 11]
2009-11-01 12:19:30 Warning: Warning (2): Invalid argument supplied for foreach() in [APP/controllers/pictures_controller.php, line 18]
2009-11-01 12:20:14 Warning: Warning (2): Invalid argument supplied for foreach() in [APP/controllers/pictures_controller.php, line 18]
2009-11-01 12:21:49 Warning: Warning (2): Invalid argument supplied for foreach() in [APP/controllers/pictures_controller.php, line 18]
2009-11-01 12:22:07 Warning: Warning (2): Invalid argument supplied for foreach() in [APP/controllers/pictures_controller.php, line 18]
2009-11-01 12:22:27 Warning: Warning (2): Invalid argument supplied for foreach() in [APP/controllers/pictures_controller.php, line 18]
2009-11-01 12:23:26 Warning: Warning (2): Invalid argument supplied for foreach() in [APP/controllers/pictures_controller.php, line 18]
2009-11-01 12:35:02 Warning: Warning (2): strtotime() expects parameter 1 to be string, object given in [APP/views/users/profile.ctp, line 6]
2009-11-01 12:35:06 Warning: Warning (2): strtotime() expects parameter 1 to be string, object given in [APP/views/users/profile.ctp, line 6]
2009-11-01 12:35:23 Warning: Warning (2): strtotime() expects parameter 1 to be string, object given in [APP/views/users/profile.ctp, line 6]
2009-11-01 12:35:35 Warning: Warning (2): strtotime() expects parameter 1 to be string, object given in [APP/views/users/profile.ctp, line 6]
2009-11-01 12:35:54 Warning: Warning (2): strtotime() expects parameter 1 to be string, object given in [APP/views/users/profile.ctp, line 6]
2009-11-01 12:39:32 Warning: Warning (2): date_format() expects parameter 1 to be DateTime, string given in [APP/views/users/profile.ctp, line 9]
2009-11-01 13:19:58 Warning: Warning (2): Invalid argument supplied for foreach() in [APP/controllers/pictures_controller.php, line 22]
2009-11-01 13:39:32 Warning: Warning (2): move_uploaded_file(/home/myshen/src/project_c/app/webroot/img/db//4jpg) [<a href='http://php.net/function.move-uploaded-file'>function.move-uploaded-file</a>]: failed to open stream: Permission denied in [APP/controllers/pictures_controller.php, line 47]
2009-11-01 13:39:32 Warning: Warning (2): move_uploaded_file() [<a href='http://php.net/function.move-uploaded-file'>function.move-uploaded-file</a>]: Unable to move '/tmp/phpgbhEtJ' to '/home/myshen/src/project_c/app/webroot/img/db//4jpg' in [APP/controllers/pictures_controller.php, line 47]
2009-11-01 13:52:00 Warning: Warning (2): Invalid argument supplied for foreach() in [APP/views/users/profile.ctp, line 4]
2009-11-01 14:29:12 Warning: Warning (2): Invalid argument supplied for foreach() in [APP/views/stream/index.ctp, line 3]
2009-11-01 14:29:24 Warning: Warning (2): Invalid argument supplied for foreach() in [APP/views/stream/index.ctp, line 3]
2009-11-02 00:00:31 Warning: Warning (2): Cannot modify header information - headers already sent by (output started at /home/myshen/src/project_c/cake/basics.php:109) in [CORE/cake/libs/view/media.php, line 117]
2009-11-02 00:00:31 Warning: Warning (2): Cannot modify header information - headers already sent by (output started at /home/myshen/src/project_c/cake/basics.php:109) in [CORE/cake/libs/error.php, line 150]
2009-11-02 00:01:41 Warning: Warning (2): Cannot modify header information - headers already sent by (output started at /home/myshen/src/project_c/cake/basics.php:109) in [CORE/cake/libs/view/media.php, line 245]
2009-11-02 00:02:06 Warning: Warning (2): Cannot modify header information - headers already sent by (output started at /home/myshen/src/project_c/cake/basics.php:109) in [CORE/cake/libs/view/media.php, line 117]
2009-11-02 00:02:06 Warning: Warning (2): Cannot modify header information - headers already sent by (output started at /home/myshen/src/project_c/cake/basics.php:109) in [CORE/cake/libs/error.php, line 150]
2009-11-02 00:02:18 Warning: Warning (2): Cannot modify header information - headers already sent by (output started at /home/myshen/src/project_c/cake/basics.php:109) in [CORE/cake/libs/view/media.php, line 117]
2009-11-02 00:02:18 Warning: Warning (2): Cannot modify header information - headers already sent by (output started at /home/myshen/src/project_c/cake/basics.php:109) in [CORE/cake/libs/error.php, line 150]
2009-11-02 00:02:24 Warning: Warning (2): Cannot modify header information - headers already sent by (output started at /home/myshen/src/project_c/cake/basics.php:109) in [CORE/cake/libs/view/media.php, line 117]
2009-11-02 00:02:24 Warning: Warning (2): Cannot modify header information - headers already sent by (output started at /home/myshen/src/project_c/cake/basics.php:109) in [CORE/cake/libs/error.php, line 150]
2009-11-02 00:13:54 Warning: Warning (2): Cannot modify header information - headers already sent by (output started at /home/myshen/src/project_c/cake/basics.php:109) in [CORE/cake/libs/view/media.php, line 117]
2009-11-02 00:13:54 Warning: Warning (2): Cannot modify header information - headers already sent by (output started at /home/myshen/src/project_c/cake/basics.php:109) in [CORE/cake/libs/error.php, line 150]
2009-11-02 00:21:42 Warning: Warning (2): Cannot modify header information - headers already sent by (output started at /home/myshen/src/project_c/cake/basics.php:109) in [CORE/cake/libs/view/media.php, line 117]
2009-11-02 00:21:42 Warning: Warning (2): Cannot modify header information - headers already sent by (output started at /home/myshen/src/project_c/cake/basics.php:109) in [CORE/cake/libs/error.php, line 150]
2009-11-02 00:28:51 Warning: Warning (2): Cannot modify header information - headers already sent by (output started at /home/myshen/src/project_c/cake/basics.php:109) in [CORE/cake/libs/view/media.php, line 117]
2009-11-02 00:28:51 Warning: Warning (2): Cannot modify header information - headers already sent by (output started at /home/myshen/src/project_c/cake/basics.php:109) in [CORE/cake/libs/error.php, line 150]
2009-11-04 09:10:44 Warning: Warning (2): mysql_connect() [<a href='http://php.net/function.mysql-connect'>function.mysql-connect</a>]: Can't connect to local MySQL server through socket '/var/run/mysqld/mysqld.sock' (2) in [CORE/cake/libs/model/datasources/dbo/dbo_mysql.php, line 374]
2009-11-04 09:10:44 Warning: Warning (2): mysql_select_db(): supplied argument is not a valid MySQL-Link resource in [CORE/cake/libs/model/datasources/dbo/dbo_mysql.php, line 379]
2009-11-04 09:10:44 Warning: Warning (2): mysql_get_server_info(): supplied argument is not a valid MySQL-Link resource in [CORE/cake/libs/model/datasources/dbo/dbo_mysql.php, line 387]
2009-11-04 09:10:44 Warning: Warning (2): mysql_query(): supplied argument is not a valid MySQL-Link resource in [CORE/cake/libs/model/datasources/dbo/dbo_mysql.php, line 411]
2009-11-04 09:12:38 Warning: Warning (2): mysql_connect() [<a href='http://php.net/function.mysql-connect'>function.mysql-connect</a>]: Can't connect to local MySQL server through socket '/var/run/mysqld/mysqld.sock' (2) in [CORE/cake/libs/model/datasources/dbo/dbo_mysql.php, line 374]
2009-11-04 09:12:38 Warning: Warning (2): mysql_select_db(): supplied argument is not a valid MySQL-Link resource in [CORE/cake/libs/model/datasources/dbo/dbo_mysql.php, line 379]
2009-11-04 09:12:38 Warning: Warning (2): mysql_get_server_info(): supplied argument is not a valid MySQL-Link resource in [CORE/cake/libs/model/datasources/dbo/dbo_mysql.php, line 387]
2009-11-04 09:12:38 Warning: Warning (2): mysql_query(): supplied argument is not a valid MySQL-Link resource in [CORE/cake/libs/model/datasources/dbo/dbo_mysql.php, line 411]
2009-11-04 09:12:40 Warning: Warning (2): mysql_connect() [<a href='http://php.net/function.mysql-connect'>function.mysql-connect</a>]: Can't connect to local MySQL server through socket '/var/run/mysqld/mysqld.sock' (2) in [CORE/cake/libs/model/datasources/dbo/dbo_mysql.php, line 374]
2009-11-04 09:12:40 Warning: Warning (2): mysql_select_db(): supplied argument is not a valid MySQL-Link resource in [CORE/cake/libs/model/datasources/dbo/dbo_mysql.php, line 379]
2009-11-04 09:12:40 Warning: Warning (2): mysql_get_server_info(): supplied argument is not a valid MySQL-Link resource in [CORE/cake/libs/model/datasources/dbo/dbo_mysql.php, line 387]
2009-11-04 09:12:40 Warning: Warning (2): mysql_query(): supplied argument is not a valid MySQL-Link resource in [CORE/cake/libs/model/datasources/dbo/dbo_mysql.php, line 411]
2009-11-04 09:12:42 Warning: Warning (2): mysql_connect() [<a href='http://php.net/function.mysql-connect'>function.mysql-connect</a>]: Can't connect to local MySQL server through socket '/var/run/mysqld/mysqld.sock' (2) in [CORE/cake/libs/model/datasources/dbo/dbo_mysql.php, line 374]
2009-11-04 09:12:42 Warning: Warning (2): mysql_select_db(): supplied argument is not a valid MySQL-Link resource in [CORE/cake/libs/model/datasources/dbo/dbo_mysql.php, line 379]
2009-11-04 09:12:42 Warning: Warning (2): mysql_get_server_info(): supplied argument is not a valid MySQL-Link resource in [CORE/cake/libs/model/datasources/dbo/dbo_mysql.php, line 387]
2009-11-04 09:12:42 Warning: Warning (2): mysql_query(): supplied argument is not a valid MySQL-Link resource in [CORE/cake/libs/model/datasources/dbo/dbo_mysql.php, line 411]
2009-11-04 09:13:38 Warning: Warning (2): mysql_connect() [<a href='http://php.net/function.mysql-connect'>function.mysql-connect</a>]: Can't connect to local MySQL server through socket '/var/run/mysqld/mysqld.sock' (2) in [CORE/cake/libs/model/datasources/dbo/dbo_mysql.php, line 374]
2009-11-04 09:13:38 Warning: Warning (2): mysql_select_db(): supplied argument is not a valid MySQL-Link resource in [CORE/cake/libs/model/datasources/dbo/dbo_mysql.php, line 379]
2009-11-04 09:13:38 Warning: Warning (2): mysql_get_server_info(): supplied argument is not a valid MySQL-Link resource in [CORE/cake/libs/model/datasources/dbo/dbo_mysql.php, line 387]
2009-11-04 09:13:38 Warning: Warning (2): mysql_query(): supplied argument is not a valid MySQL-Link resource in [CORE/cake/libs/model/datasources/dbo/dbo_mysql.php, line 411]
2009-11-04 09:14:09 Warning: Warning (2): mysql_connect() [<a href='http://php.net/function.mysql-connect'>function.mysql-connect</a>]: Can't connect to local MySQL server through socket '/var/run/mysqld/mysqld.sock' (2) in [CORE/cake/libs/model/datasources/dbo/dbo_mysql.php, line 374]
2009-11-04 09:14:09 Warning: Warning (2): mysql_select_db(): supplied argument is not a valid MySQL-Link resource in [CORE/cake/libs/model/datasources/dbo/dbo_mysql.php, line 379]
2009-11-04 09:14:09 Warning: Warning (2): mysql_get_server_info(): supplied argument is not a valid MySQL-Link resource in [CORE/cake/libs/model/datasources/dbo/dbo_mysql.php, line 387]
2009-11-04 09:14:09 Warning: Warning (2): mysql_query(): supplied argument is not a valid MySQL-Link resource in [CORE/cake/libs/model/datasources/dbo/dbo_mysql.php, line 411]
2009-11-04 09:17:09 Warning: Warning (2): mysql_connect() [<a href='http://php.net/function.mysql-connect'>function.mysql-connect</a>]: Can't connect to local MySQL server through socket '/var/run/mysqld/mysqld.sock' (2) in [CORE/cake/libs/model/datasources/dbo/dbo_mysql.php, line 374]
2009-11-04 09:17:09 Warning: Warning (2): mysql_select_db(): supplied argument is not a valid MySQL-Link resource in [CORE/cake/libs/model/datasources/dbo/dbo_mysql.php, line 379]
2009-11-04 09:17:09 Warning: Warning (2): mysql_get_server_info(): supplied argument is not a valid MySQL-Link resource in [CORE/cake/libs/model/datasources/dbo/dbo_mysql.php, line 387]
2009-11-04 09:17:09 Warning: Warning (2): mysql_query(): supplied argument is not a valid MySQL-Link resource in [CORE/cake/libs/model/datasources/dbo/dbo_mysql.php, line 411]
2009-11-04 09:20:58 Warning: Warning (2): mysql_connect() [<a href='http://php.net/function.mysql-connect'>function.mysql-connect</a>]: Lost connection to MySQL server at 'reading authorization packet', system error: 0 in [CORE/cake/libs/model/datasources/dbo/dbo_mysql.php, line 374]
2009-11-04 09:20:58 Warning: Warning (2): mysql_select_db(): supplied argument is not a valid MySQL-Link resource in [CORE/cake/libs/model/datasources/dbo/dbo_mysql.php, line 379]
2009-11-04 09:20:58 Warning: Warning (2): mysql_get_server_info(): supplied argument is not a valid MySQL-Link resource in [CORE/cake/libs/model/datasources/dbo/dbo_mysql.php, line 387]
2009-11-04 09:20:58 Warning: Warning (2): mysql_query(): supplied argument is not a valid MySQL-Link resource in [CORE/cake/libs/model/datasources/dbo/dbo_mysql.php, line 411]
2009-11-04 09:21:23 Warning: Warning (2): mysql_connect() [<a href='http://php.net/function.mysql-connect'>function.mysql-connect</a>]: Lost connection to MySQL server at 'reading authorization packet', system error: 0 in [CORE/cake/libs/model/datasources/dbo/dbo_mysql.php, line 374]
2009-11-04 09:21:23 Warning: Warning (2): mysql_select_db(): supplied argument is not a valid MySQL-Link resource in [CORE/cake/libs/model/datasources/dbo/dbo_mysql.php, line 379]
2009-11-04 09:21:23 Warning: Warning (2): mysql_get_server_info(): supplied argument is not a valid MySQL-Link resource in [CORE/cake/libs/model/datasources/dbo/dbo_mysql.php, line 387]
2009-11-04 09:21:23 Warning: Warning (2): mysql_query(): supplied argument is not a valid MySQL-Link resource in [CORE/cake/libs/model/datasources/dbo/dbo_mysql.php, line 411]
2009-11-06 16:40:42 Warning: Warning (2): Invalid argument supplied for foreach() in [APP/views/home/index.ctp, line 35]
2009-11-06 16:45:33 Warning: Warning (2): Invalid argument supplied for foreach() in [APP/views/home/index.ctp, line 35]
2009-11-06 16:46:50 Warning: Warning (2): Invalid argument supplied for foreach() in [APP/views/home/index.ctp, line 35]
2009-11-11 12:39:05 Warning: Warning (2): mysql_connect() [<a href='http://php.net/function.mysql-connect'>function.mysql-connect</a>]: Lost connection to MySQL server at 'reading authorization packet', system error: 0 in [CORE/cake/libs/model/datasources/dbo/dbo_mysql.php, line 374]
2009-11-11 12:39:05 Warning: Warning (2): mysql_select_db(): supplied argument is not a valid MySQL-Link resource in [CORE/cake/libs/model/datasources/dbo/dbo_mysql.php, line 379]
2009-11-11 12:39:05 Warning: Warning (2): mysql_get_server_info(): supplied argument is not a valid MySQL-Link resource in [CORE/cake/libs/model/datasources/dbo/dbo_mysql.php, line 387]
2009-11-11 12:59:13 Warning: Warning (2): mysql_connect() [<a href='http://php.net/function.mysql-connect'>function.mysql-connect</a>]: Lost connection to MySQL server at 'reading authorization packet', system error: 0 in [CORE/cake/libs/model/datasources/dbo/dbo_mysql.php, line 374]
2009-11-11 12:59:13 Warning: Warning (2): mysql_select_db(): supplied argument is not a valid MySQL-Link resource in [CORE/cake/libs/model/datasources/dbo/dbo_mysql.php, line 379]
2009-11-11 12:59:13 Warning: Warning (2): mysql_get_server_info(): supplied argument is not a valid MySQL-Link resource in [CORE/cake/libs/model/datasources/dbo/dbo_mysql.php, line 387]
2009-11-11 12:59:13 Warning: Warning (2): mysql_query(): supplied argument is not a valid MySQL-Link resource in [CORE/cake/libs/model/datasources/dbo/dbo_mysql.php, line 411]
2009-11-11 12:59:29 Warning: Warning (2): mysql_connect() [<a href='http://php.net/function.mysql-connect'>function.mysql-connect</a>]: Lost connection to MySQL server at 'reading authorization packet', system error: 0 in [CORE/cake/libs/model/datasources/dbo/dbo_mysql.php, line 374]
2009-11-11 12:59:29 Warning: Warning (2): mysql_select_db(): supplied argument is not a valid MySQL-Link resource in [CORE/cake/libs/model/datasources/dbo/dbo_mysql.php, line 379]
2009-11-11 12:59:29 Warning: Warning (2): mysql_get_server_info(): supplied argument is not a valid MySQL-Link resource in [CORE/cake/libs/model/datasources/dbo/dbo_mysql.php, line 387]
2009-11-11 12:59:29 Warning: Warning (2): mysql_query(): supplied argument is not a valid MySQL-Link resource in [CORE/cake/libs/model/datasources/dbo/dbo_mysql.php, line 411]
2009-11-11 12:59:29 Warning: Warning (2): mysql_errno(): supplied argument is not a valid MySQL-Link resource in [CORE/cake/libs/model/datasources/dbo/dbo_mysql.php, line 521]
2009-11-11 12:59:29 Warning: Warning (2): Invalid argument supplied for foreach() in [CORE/cake/libs/model/datasources/dbo/dbo_mysql.php, line 451]
2009-11-11 12:59:29 Warning: Warning (2): Cannot modify header information - headers already sent by (output started at /home/tmandarano/livegather.com/cake/basics.php:307) in [CORE/cake/libs/controller/controller.php, line 644]
2009-11-11 12:59:47 Warning: Warning (2): mysql_connect() [<a href='http://php.net/function.mysql-connect'>function.mysql-connect</a>]: Lost connection to MySQL server at 'reading authorization packet', system error: 0 in [CORE/cake/libs/model/datasources/dbo/dbo_mysql.php, line 374]
2009-11-11 12:59:47 Warning: Warning (2): mysql_select_db(): supplied argument is not a valid MySQL-Link resource in [CORE/cake/libs/model/datasources/dbo/dbo_mysql.php, line 379]
2009-11-11 12:59:47 Warning: Warning (2): mysql_get_server_info(): supplied argument is not a valid MySQL-Link resource in [CORE/cake/libs/model/datasources/dbo/dbo_mysql.php, line 387]
2009-11-11 12:59:47 Warning: Warning (2): mysql_query(): supplied argument is not a valid MySQL-Link resource in [CORE/cake/libs/model/datasources/dbo/dbo_mysql.php, line 411]
2009-11-11 12:59:47 Warning: Warning (2): mysql_errno(): supplied argument is not a valid MySQL-Link resource in [CORE/cake/libs/model/datasources/dbo/dbo_mysql.php, line 521]
2009-11-11 12:59:47 Warning: Warning (2): Invalid argument supplied for foreach() in [CORE/cake/libs/model/datasources/dbo/dbo_mysql.php, line 451]
2009-11-11 12:59:47 Warning: Warning (2): Invalid argument supplied for foreach() in [CORE/cake/libs/view/helpers/form.php, line 128]
2009-11-11 13:00:06 Warning: Warning (2): mysql_connect() [<a href='http://php.net/function.mysql-connect'>function.mysql-connect</a>]: Lost connection to MySQL server at 'reading authorization packet', system error: 0 in [CORE/cake/libs/model/datasources/dbo/dbo_mysql.php, line 374]
2009-11-11 13:00:06 Warning: Warning (2): mysql_select_db(): supplied argument is not a valid MySQL-Link resource in [CORE/cake/libs/model/datasources/dbo/dbo_mysql.php, line 379]
2009-11-11 13:00:06 Warning: Warning (2): mysql_get_server_info(): supplied argument is not a valid MySQL-Link resource in [CORE/cake/libs/model/datasources/dbo/dbo_mysql.php, line 387]
2009-11-11 13:00:06 Warning: Warning (2): mysql_query(): supplied argument is not a valid MySQL-Link resource in [CORE/cake/libs/model/datasources/dbo/dbo_mysql.php, line 411]
2009-11-11 13:00:08 Warning: Warning (2): mysql_connect() [<a href='http://php.net/function.mysql-connect'>function.mysql-connect</a>]: Lost connection to MySQL server at 'reading authorization packet', system error: 0 in [CORE/cake/libs/model/datasources/dbo/dbo_mysql.php, line 374]
2009-11-11 13:00:08 Warning: Warning (2): mysql_select_db(): supplied argument is not a valid MySQL-Link resource in [CORE/cake/libs/model/datasources/dbo/dbo_mysql.php, line 379]
2009-11-11 13:00:08 Warning: Warning (2): mysql_get_server_info(): supplied argument is not a valid MySQL-Link resource in [CORE/cake/libs/model/datasources/dbo/dbo_mysql.php, line 387]
2009-11-11 13:00:08 Warning: Warning (2): mysql_query(): supplied argument is not a valid MySQL-Link resource in [CORE/cake/libs/model/datasources/dbo/dbo_mysql.php, line 411]
2009-11-11 13:00:32 Warning: Warning (2): mysql_connect() [<a href='http://php.net/function.mysql-connect'>function.mysql-connect</a>]: Lost connection to MySQL server at 'reading authorization packet', system error: 0 in [CORE/cake/libs/model/datasources/dbo/dbo_mysql.php, line 374]
2009-11-11 13:00:32 Warning: Warning (2): mysql_select_db(): supplied argument is not a valid MySQL-Link resource in [CORE/cake/libs/model/datasources/dbo/dbo_mysql.php, line 379]
2009-11-11 13:00:32 Warning: Warning (2): mysql_get_server_info(): supplied argument is not a valid MySQL-Link resource in [CORE/cake/libs/model/datasources/dbo/dbo_mysql.php, line 387]
2009-11-11 13:00:32 Warning: Warning (2): mysql_query(): supplied argument is not a valid MySQL-Link resource in [CORE/cake/libs/model/datasources/dbo/dbo_mysql.php, line 411]
2009-11-11 13:00:50 Warning: Warning (2): mysql_connect() [<a href='http://php.net/function.mysql-connect'>function.mysql-connect</a>]: Lost connection to MySQL server at 'reading authorization packet', system error: 0 in [CORE/cake/libs/model/datasources/dbo/dbo_mysql.php, line 374]
2009-11-11 13:00:50 Warning: Warning (2): mysql_select_db(): supplied argument is not a valid MySQL-Link resource in [CORE/cake/libs/model/datasources/dbo/dbo_mysql.php, line 379]
2009-11-11 13:00:50 Warning: Warning (2): mysql_get_server_info(): supplied argument is not a valid MySQL-Link resource in [CORE/cake/libs/model/datasources/dbo/dbo_mysql.php, line 387]
2009-11-11 13:00:50 Warning: Warning (2): mysql_query(): supplied argument is not a valid MySQL-Link resource in [CORE/cake/libs/model/datasources/dbo/dbo_mysql.php, line 411]
2009-11-11 13:01:34 Warning: Warning (2): mysql_connect() [<a href='http://php.net/function.mysql-connect'>function.mysql-connect</a>]: Lost connection to MySQL server at 'reading authorization packet', system error: 0 in [CORE/cake/libs/model/datasources/dbo/dbo_mysql.php, line 374]
2009-11-11 13:01:34 Warning: Warning (2): mysql_select_db(): supplied argument is not a valid MySQL-Link resource in [CORE/cake/libs/model/datasources/dbo/dbo_mysql.php, line 379]
2009-11-11 13:01:34 Warning: Warning (2): mysql_get_server_info(): supplied argument is not a valid MySQL-Link resource in [CORE/cake/libs/model/datasources/dbo/dbo_mysql.php, line 387]
2009-11-11 13:01:34 Warning: Warning (2): mysql_query(): supplied argument is not a valid MySQL-Link resource in [CORE/cake/libs/model/datasources/dbo/dbo_mysql.php, line 411]
2009-11-11 13:01:37 Warning: Warning (2): mysql_connect() [<a href='http://php.net/function.mysql-connect'>function.mysql-connect</a>]: Lost connection to MySQL server at 'reading authorization packet', system error: 0 in [CORE/cake/libs/model/datasources/dbo/dbo_mysql.php, line 374]
2009-11-11 13:01:37 Warning: Warning (2): mysql_select_db(): supplied argument is not a valid MySQL-Link resource in [CORE/cake/libs/model/datasources/dbo/dbo_mysql.php, line 379]
2009-11-11 13:01:37 Warning: Warning (2): mysql_get_server_info(): supplied argument is not a valid MySQL-Link resource in [CORE/cake/libs/model/datasources/dbo/dbo_mysql.php, line 387]
2009-11-11 13:01:37 Warning: Warning (2): mysql_query(): supplied argument is not a valid MySQL-Link resource in [CORE/cake/libs/model/datasources/dbo/dbo_mysql.php, line 411]
2009-11-11 13:03:10 Warning: Warning (2): mysql_connect() [<a href='http://php.net/function.mysql-connect'>function.mysql-connect</a>]: Lost connection to MySQL server at 'reading authorization packet', system error: 0 in [CORE/cake/libs/model/datasources/dbo/dbo_mysql.php, line 374]
2009-11-11 13:03:10 Warning: Warning (2): mysql_select_db(): supplied argument is not a valid MySQL-Link resource in [CORE/cake/libs/model/datasources/dbo/dbo_mysql.php, line 379]
2009-11-11 13:03:10 Warning: Warning (2): mysql_get_server_info(): supplied argument is not a valid MySQL-Link resource in [CORE/cake/libs/model/datasources/dbo/dbo_mysql.php, line 387]
2009-11-11 13:03:10 Warning: Warning (2): mysql_query(): supplied argument is not a valid MySQL-Link resource in [CORE/cake/libs/model/datasources/dbo/dbo_mysql.php, line 411]
2009-11-11 13:03:13 Warning: Warning (2): mysql_connect() [<a href='http://php.net/function.mysql-connect'>function.mysql-connect</a>]: Lost connection to MySQL server at 'reading authorization packet', system error: 0 in [CORE/cake/libs/model/datasources/dbo/dbo_mysql.php, line 374]
2009-11-11 13:03:13 Warning: Warning (2): mysql_select_db(): supplied argument is not a valid MySQL-Link resource in [CORE/cake/libs/model/datasources/dbo/dbo_mysql.php, line 379]
2009-11-11 13:03:13 Warning: Warning (2): mysql_get_server_info(): supplied argument is not a valid MySQL-Link resource in [CORE/cake/libs/model/datasources/dbo/dbo_mysql.php, line 387]
2009-11-11 13:03:13 Warning: Warning (2): mysql_query(): supplied argument is not a valid MySQL-Link resource in [CORE/cake/libs/model/datasources/dbo/dbo_mysql.php, line 411]
2009-11-11 13:04:43 Warning: Warning (2): mysql_connect() [<a href='http://php.net/function.mysql-connect'>function.mysql-connect</a>]: Lost connection to MySQL server at 'reading authorization packet', system error: 0 in [CORE/cake/libs/model/datasources/dbo/dbo_mysql.php, line 374]
2009-11-11 13:04:43 Warning: Warning (2): mysql_select_db(): supplied argument is not a valid MySQL-Link resource in [CORE/cake/libs/model/datasources/dbo/dbo_mysql.php, line 379]
2009-11-11 13:04:43 Warning: Warning (2): mysql_get_server_info(): supplied argument is not a valid MySQL-Link resource in [CORE/cake/libs/model/datasources/dbo/dbo_mysql.php, line 387]
2009-11-11 13:04:43 Warning: Warning (2): mysql_query(): supplied argument is not a valid MySQL-Link resource in [CORE/cake/libs/model/datasources/dbo/dbo_mysql.php, line 411]
2009-11-11 13:05:18 Warning: Warning (2): mysql_connect() [<a href='http://php.net/function.mysql-connect'>function.mysql-connect</a>]: Lost connection to MySQL server at 'reading authorization packet', system error: 0 in [CORE/cake/libs/model/datasources/dbo/dbo_mysql.php, line 374]
2009-11-11 13:05:18 Warning: Warning (2): mysql_select_db(): supplied argument is not a valid MySQL-Link resource in [CORE/cake/libs/model/datasources/dbo/dbo_mysql.php, line 379]
2009-11-11 13:05:18 Warning: Warning (2): mysql_get_server_info(): supplied argument is not a valid MySQL-Link resource in [CORE/cake/libs/model/datasources/dbo/dbo_mysql.php, line 387]
2009-11-11 13:05:18 Warning: Warning (2): mysql_query(): supplied argument is not a valid MySQL-Link resource in [CORE/cake/libs/model/datasources/dbo/dbo_mysql.php, line 411]
2009-11-11 13:05:22 Warning: Warning (2): mysql_connect() [<a href='http://php.net/function.mysql-connect'>function.mysql-connect</a>]: Lost connection to MySQL server at 'reading authorization packet', system error: 0 in [CORE/cake/libs/model/datasources/dbo/dbo_mysql.php, line 374]
2009-11-11 13:05:22 Warning: Warning (2): mysql_select_db(): supplied argument is not a valid MySQL-Link resource in [CORE/cake/libs/model/datasources/dbo/dbo_mysql.php, line 379]
2009-11-11 13:05:22 Warning: Warning (2): mysql_get_server_info(): supplied argument is not a valid MySQL-Link resource in [CORE/cake/libs/model/datasources/dbo/dbo_mysql.php, line 387]
2009-11-11 13:05:22 Warning: Warning (2): mysql_query(): supplied argument is not a valid MySQL-Link resource in [CORE/cake/libs/model/datasources/dbo/dbo_mysql.php, line 411]
2009-11-11 13:05:28 Warning: Warning (2): mysql_connect() [<a href='http://php.net/function.mysql-connect'>function.mysql-connect</a>]: Lost connection to MySQL server at 'reading authorization packet', system error: 0 in [CORE/cake/libs/model/datasources/dbo/dbo_mysql.php, line 374]
2009-11-11 13:05:28 Warning: Warning (2): mysql_connect() [<a href='http://php.net/function.mysql-connect'>function.mysql-connect</a>]: Lost connection to MySQL server at 'reading authorization packet', system error: 0 in [CORE/cake/libs/model/datasources/dbo/dbo_mysql.php, line 374]
2009-11-11 13:05:28 Warning: Warning (2): mysql_select_db(): supplied argument is not a valid MySQL-Link resource in [CORE/cake/libs/model/datasources/dbo/dbo_mysql.php, line 379]
2009-11-11 13:05:28 Warning: Warning (2): mysql_select_db(): supplied argument is not a valid MySQL-Link resource in [CORE/cake/libs/model/datasources/dbo/dbo_mysql.php, line 379]
2009-11-11 13:05:28 Warning: Warning (2): mysql_get_server_info(): supplied argument is not a valid MySQL-Link resource in [CORE/cake/libs/model/datasources/dbo/dbo_mysql.php, line 387]
2009-11-11 13:05:28 Warning: Warning (2): mysql_get_server_info(): supplied argument is not a valid MySQL-Link resource in [CORE/cake/libs/model/datasources/dbo/dbo_mysql.php, line 387]
2009-11-11 13:05:28 Warning: Warning (2): mysql_query(): supplied argument is not a valid MySQL-Link resource in [CORE/cake/libs/model/datasources/dbo/dbo_mysql.php, line 411]
2009-11-11 13:05:28 Warning: Warning (2): mysql_query(): supplied argument is not a valid MySQL-Link resource in [CORE/cake/libs/model/datasources/dbo/dbo_mysql.php, line 411]
2009-11-13 16:44:34 Warning: Warning (2): mysql_connect() [<a href='http://php.net/function.mysql-connect'>function.mysql-connect</a>]: Can't connect to MySQL server on 'db.livegather.com' (4) in [CORE/cake/libs/model/datasources/dbo/dbo_mysql.php, line 374]
2009-11-13 16:44:34 Warning: Warning (2): mysql_connect() [<a href='http://php.net/function.mysql-connect'>function.mysql-connect</a>]: Can't connect to MySQL server on 'db.livegather.com' (4) in [CORE/cake/libs/model/datasources/dbo/dbo_mysql.php, line 374]
2009-11-13 16:44:34 Warning: Warning (2): mysql_select_db(): supplied argument is not a valid MySQL-Link resource in [CORE/cake/libs/model/datasources/dbo/dbo_mysql.php, line 379]
2009-11-13 16:44:34 Warning: Warning (2): mysql_select_db(): supplied argument is not a valid MySQL-Link resource in [CORE/cake/libs/model/datasources/dbo/dbo_mysql.php, line 379]
2009-11-13 16:44:34 Warning: Warning (2): mysql_get_server_info(): supplied argument is not a valid MySQL-Link resource in [CORE/cake/libs/model/datasources/dbo/dbo_mysql.php, line 387]
2009-11-13 16:44:34 Warning: Warning (2): mysql_get_server_info(): supplied argument is not a valid MySQL-Link resource in [CORE/cake/libs/model/datasources/dbo/dbo_mysql.php, line 387]
2009-11-13 16:44:34 Warning: Warning (2): mysql_query(): supplied argument is not a valid MySQL-Link resource in [CORE/cake/libs/model/datasources/dbo/dbo_mysql.php, line 411]
2009-11-13 16:44:34 Warning: Warning (2): mysql_query(): supplied argument is not a valid MySQL-Link resource in [CORE/cake/libs/model/datasources/dbo/dbo_mysql.php, line 411]
2009-11-13 16:44:40 Warning: Warning (2): mysql_connect() [<a href='http://php.net/function.mysql-connect'>function.mysql-connect</a>]: Can't connect to MySQL server on 'db.livegather.com' (4) in [CORE/cake/libs/model/datasources/dbo/dbo_mysql.php, line 374]
2009-11-13 16:44:40 Warning: Warning (2): mysql_select_db(): supplied argument is not a valid MySQL-Link resource in [CORE/cake/libs/model/datasources/dbo/dbo_mysql.php, line 379]
2009-11-13 16:44:40 Warning: Warning (2): mysql_get_server_info(): supplied argument is not a valid MySQL-Link resource in [CORE/cake/libs/model/datasources/dbo/dbo_mysql.php, line 387]
2009-11-13 16:44:40 Warning: Warning (2): Cannot modify header information - headers already sent by (output started at /home/tmandarano/livegather.com/cake/basics.php:307) in [CORE/cake/libs/controller/controller.php, line 644]
2009-11-20 19:01:25 Warning: Warning (2): mysql_connect() [<a href='http://php.net/function.mysql-connect'>function.mysql-connect</a>]: Lost connection to MySQL server at 'reading authorization packet', system error: 0 in [CORE/cake/libs/model/datasources/dbo/dbo_mysql.php, line 374]
2009-11-20 19:01:25 Warning: Warning (2): mysql_select_db(): supplied argument is not a valid MySQL-Link resource in [CORE/cake/libs/model/datasources/dbo/dbo_mysql.php, line 379]
2009-11-20 19:01:25 Warning: Warning (2): mysql_get_server_info(): supplied argument is not a valid MySQL-Link resource in [CORE/cake/libs/model/datasources/dbo/dbo_mysql.php, line 387]
2009-11-20 19:01:25 Warning: Warning (2): mysql_query(): supplied argument is not a valid MySQL-Link resource in [CORE/cake/libs/model/datasources/dbo/dbo_mysql.php, line 411]
2009-11-20 19:02:07 Warning: Warning (2): mysql_connect() [<a href='http://php.net/function.mysql-connect'>function.mysql-connect</a>]: Lost connection to MySQL server at 'reading authorization packet', system error: 0 in [CORE/cake/libs/model/datasources/dbo/dbo_mysql.php, line 374]
2009-11-20 19:02:07 Warning: Warning (2): mysql_select_db(): supplied argument is not a valid MySQL-Link resource in [CORE/cake/libs/model/datasources/dbo/dbo_mysql.php, line 379]
2009-11-20 19:02:07 Warning: Warning (2): mysql_get_server_info(): supplied argument is not a valid MySQL-Link resource in [CORE/cake/libs/model/datasources/dbo/dbo_mysql.php, line 387]
2009-11-20 19:02:07 Warning: Warning (2): mysql_query(): supplied argument is not a valid MySQL-Link resource in [CORE/cake/libs/model/datasources/dbo/dbo_mysql.php, line 411]
2009-11-20 19:02:13 Warning: Warning (2): mysql_connect() [<a href='http://php.net/function.mysql-connect'>function.mysql-connect</a>]: Lost connection to MySQL server at 'reading authorization packet', system error: 0 in [CORE/cake/libs/model/datasources/dbo/dbo_mysql.php, line 374]
2009-11-20 19:02:13 Warning: Warning (2): mysql_select_db(): supplied argument is not a valid MySQL-Link resource in [CORE/cake/libs/model/datasources/dbo/dbo_mysql.php, line 379]
2009-11-20 19:02:13 Warning: Warning (2): mysql_get_server_info(): supplied argument is not a valid MySQL-Link resource in [CORE/cake/libs/model/datasources/dbo/dbo_mysql.php, line 387]
2009-11-20 19:02:13 Warning: Warning (2): mysql_query(): supplied argument is not a valid MySQL-Link resource in [CORE/cake/libs/model/datasources/dbo/dbo_mysql.php, line 411]
2009-11-22 12:39:39 Warning: Warning (2): mysql_connect() [<a href='http://php.net/function.mysql-connect'>function.mysql-connect</a>]: Access denied for user 'livegather'@'cpe-66-27-119-211.san.res.rr.com' (using password: YES) in [CORE/cake/libs/model/datasources/dbo/dbo_mysql.php, line 374]
2009-11-22 12:39:39 Warning: Warning (2): mysql_select_db(): supplied argument is not a valid MySQL-Link resource in [CORE/cake/libs/model/datasources/dbo/dbo_mysql.php, line 379]
2009-11-22 12:39:39 Warning: Warning (2): mysql_get_server_info(): supplied argument is not a valid MySQL-Link resource in [CORE/cake/libs/model/datasources/dbo/dbo_mysql.php, line 387]
2009-11-22 12:39:39 Warning: Warning (2): mysql_query(): supplied argument is not a valid MySQL-Link resource in [CORE/cake/libs/model/datasources/dbo/dbo_mysql.php, line 411]
2009-11-22 12:51:18 Warning: Warning (2): mysql_connect() [<a href='http://php.net/function.mysql-connect'>function.mysql-connect</a>]: Access denied for user 'livegather'@'cpe-66-27-119-211.san.res.rr.com' (using password: YES) in [CORE/cake/libs/model/datasources/dbo/dbo_mysql.php, line 374]
2009-11-22 12:51:18 Warning: Warning (2): mysql_select_db(): supplied argument is not a valid MySQL-Link resource in [CORE/cake/libs/model/datasources/dbo/dbo_mysql.php, line 379]
2009-11-22 12:51:18 Warning: Warning (2): mysql_get_server_info(): supplied argument is not a valid MySQL-Link resource in [CORE/cake/libs/model/datasources/dbo/dbo_mysql.php, line 387]
2009-11-22 12:51:18 Warning: Warning (2): mysql_query(): supplied argument is not a valid MySQL-Link resource in [CORE/cake/libs/model/datasources/dbo/dbo_mysql.php, line 411]
